
{"level":"error","message":"error"}
{"level":"fatal","message":{"lastName":"naran","user":"mate"}}
error: error
error: error
error: error
error: error
error: error
fatal: [object Object]
error: error
fatal: [object Object]
{"level":"error","message":"error"}
{"level":"fatal","message":{"lastName":"naran","user":"mate"}}
{"level":"error","message":"error"}
{"level":"fatal","message":{"lastName":"naran","user":"mate"}}
{"level":"error","message":"error"}
{"level":"fatal","message":{"lastName":"naran","user":"mate"}}
error: error
fatal: [object Object]
error: error
fatal: [object Object]
error: 6556
fatal: [object Object]
{"level":"error","message":6556}
{"level":"fatal","message":"[object Object]"}
{"level":"error","message":6556}
{"level":"fatal","message":"[object Object]"}
{"level":"error","message":6556}
{"level":"fatal","message":"[object Object]"}
{"level":"error","message":6556}
{"level":"fatal","message":"[object Object]"}
{"level":"error"}
{"level":"error"}
{"level":"error"}
{"level":"error","message":6556}
{"level":"fatal","message":"[object Object]"}
{"level":"error","message":6556}
{"level":"fatal","message":{"lastName":"naran","user":"mate"}}
{"level":"error"}
{"level":"error"}
{"level":"error"}
{"level":"error"}
{"level":"error"}
{"level":"error"}
{"level":"error"}
{"level":"error"}
{"level":"error"}
{"kind":"ObjectId","message":"Cast to ObjectId failed for value \"663efdc2fce22018324f3dd0b\" (type string) at path \"_id\" for model \"cart\"","name":"CastError","path":"_id","reason":{},"stringValue":"\"663efdc2fce22018324f3dd0b\"","value":"663efdc2fce22018324f3dd0b","valueType":"string"}
{"level":"error"}
{"kind":"ObjectId","message":"Cast to ObjectId failed for value \"663efdc2fce22018324f3dd0b\" (type string) at path \"_id\" for model \"cart\"","name":"CastError","path":"_id","reason":{},"stringValue":"\"663efdc2fce22018324f3dd0b\"","value":"663efdc2fce22018324f3dd0b","valueType":"string"}
{"level":"error"}
{"kind":"ObjectId","message":"Cast to ObjectId failed for value \"663efdc2fce22018324f3dd0b\" (type string) at path \"_id\" for model \"cart\"","name":"CastError","path":"_id","reason":{},"stringValue":"\"663efdc2fce22018324f3dd0b\"","value":"663efdc2fce22018324f3dd0b","valueType":"string"}
{"level":"error"}
{"kind":"ObjectId","message":"Cast to ObjectId failed for value \"663efdc2fce22018324f3dd0b\" (type string) at path \"_id\" for model \"cart\"","name":"CastError","path":"_id","reason":{},"stringValue":"\"663efdc2fce22018324f3dd0b\"","value":"663efdc2fce22018324f3dd0b","valueType":"string"}
{"level":"error"}
{"kind":"ObjectId","message":"Cast to ObjectId failed for value \"663efdc2fce22018324f3dd0b\" (type string) at path \"_id\" for model \"cart\"","name":"CastError","path":"_id","reason":{},"stringValue":"\"663efdc2fce22018324f3dd0b\"","value":"663efdc2fce22018324f3dd0b","valueType":"string"}
{"level":"error"}
{"level":"error"}
{"level":"error"}
{"level":"error"}
{"level":"error"}
{"level":"error"}
{"level":"error"}
{"level":"error"}
{"level":"error"}
{"level":"error"}
{"level":"error"}
{"level":"error"}
{"level":"error"}
